<?xml version="1.0" encoding="utf-8"?><testsuites name="pytest tests"><testsuite name="pytest" errors="0" failures="0" skipped="0" tests="32" time="2.597" timestamp="2026-04-29T17:19:42.798809+00:00" hostname="agent-env-743c82f8-26b1-45c9-898f-7c5a8f27e426"><testcase classname="backend.tests.backend_test" name="test_protected_get_without_token_returns_401[/api/finance/balance]" time="0.272" /><testcase classname="backend.tests.backend_test" name="test_protected_get_without_token_returns_401[/api/finance/entries]" time="0.046" /><testcase classname="backend.tests.backend_test" name="test_protected_get_without_token_returns_401[/api/finance/pending]" time="0.050" /><testcase classname="backend.tests.backend_test" name="test_protected_get_without_token_returns_401[/api/finance/summary]" time="0.049" /><testcase classname="backend.tests.backend_test" name="test_protected_get_without_token_returns_401[/api/finance/lbc-purchases]" time="0.051" /><testcase classname="backend.tests.backend_test" name="test_protected_get_without_token_returns_401[/api/auth/portal/me]" time="0.047" /><testcase classname="backend.tests.backend_test" name="test_protected_post_entries_without_token" time="0.048" /><testcase classname="backend.tests.backend_test" name="test_protected_put_balance_without_token" time="0.047" /><testcase classname="backend.tests.backend_test" name="test_protected_delete_entry_without_token" time="0.061" /><testcase classname="backend.tests.backend_test" name="test_protected_post_pending_without_token" time="0.051" /><testcase classname="backend.tests.backend_test" name="test_protected_post_lbc_without_token" time="0.042" /><testcase classname="backend.tests.backend_test" name="test_invalid_bearer_token_returns_401_session_expired" time="0.051" /><testcase classname="backend.tests.backend_test" name="test_portal_login_returns_single_tenant_auth_url" time="0.347" /><testcase classname="backend.tests.backend_test" name="test_protected_get_with_valid_token[/api/finance/balance]" time="0.056" /><testcase classname="backend.tests.backend_test" name="test_protected_get_with_valid_token[/api/finance/entries]" time="0.047" /><testcase classname="backend.tests.backend_test" name="test_protected_get_with_valid_token[/api/finance/pending]" time="0.064" /><testcase classname="backend.tests.backend_test" name="test_protected_get_with_valid_token[/api/finance/summary]" time="0.064" /><testcase classname="backend.tests.backend_test" name="test_protected_get_with_valid_token[/api/finance/lbc-purchases]" time="0.045" /><testcase classname="backend.tests.backend_test" name="test_protected_get_with_valid_token[/api/auth/portal/me]" time="0.043" /><testcase classname="backend.tests.backend_test" name="test_balance_response_shape" time="0.044" /><testcase classname="backend.tests.backend_test" name="test_portal_me_returns_session_email" time="0.054" /><testcase classname="backend.tests.backend_test" name="test_pending_response_shape" time="0.043" /><testcase classname="backend.tests.backend_test" name="test_summary_response_shape" time="0.049" /><testcase classname="backend.tests.backend_test" name="test_lbc_purchases_response_shape" time="0.058" /><testcase classname="backend.tests.backend_test" name="test_create_list_delete_entry" time="0.161" /><testcase classname="backend.tests.backend_test" name="test_lbc_purchase_create_list_delete" time="0.139" /><testcase classname="backend.tests.backend_test" name="test_lbc_purchase_amount_only_payload_returns_422" time="0.049" /><testcase classname="backend.tests.backend_test" name="test_put_balance_updates_and_persists" time="0.102" /><testcase classname="backend.tests.backend_test" name="test_onedrive_routes_removed[GET-/api/auth/onedrive/login]" time="0.049" /><testcase classname="backend.tests.backend_test" name="test_onedrive_routes_removed[GET-/api/auth/onedrive/callback]" time="0.062" /><testcase classname="backend.tests.backend_test" name="test_onedrive_routes_removed[GET-/api/auth/onedrive/status]" time="0.049" /><testcase classname="backend.tests.backend_test" name="test_onedrive_routes_removed[POST-/api/onedrive/save-devis]" time="0.089" /></testsuite></testsuites>